[2026-05-10 17:11:42.951] [jointLog] [info] setting maxHashResizeThreads to 6
[2026-05-10 17:11:42.952] [jointLog] [info] Fragment incompatibility prior below threshold.  Incompatible fragments will be ignored.
[2026-05-10 17:11:42.954] [jointLog] [info] Usage of --validateMappings implies use of minScoreFraction. Since not explicitly specified, it is being set to 0.65
[2026-05-10 17:11:42.954] [jointLog] [info] Setting consensusSlack to selective-alignment default of 0.35.
[2026-05-10 17:11:42.954] [jointLog] [info] parsing read library format
[2026-05-10 17:11:42.955] [jointLog] [info] There is 1 library.
[2026-05-10 17:11:42.957] [jointLog] [info] Loading pufferfish index
[2026-05-10 17:11:42.958] [jointLog] [info] Loading pufferfish index.
[2026-05-10 17:11:42.966] [jointLog] [info] done
[2026-05-10 17:11:42.999] [jointLog] [info] Index contained 679 targets
[2026-05-10 17:11:42.999] [jointLog] [info] Number of decoys : 0
[2026-05-10 17:11:43.552] [jointLog] [info] Computed 451 rich equivalence classes for further processing
[2026-05-10 17:11:43.552] [jointLog] [info] Counted 1,328 total reads in the equivalence classes 
[2026-05-10 17:11:43.553] [fileLog] [info] 
At end of round 0
==================
Observed 1328 total fragments (1328 in most recent round)

[2026-05-10 17:11:43.559] [jointLog] [info] Number of mappings discarded because of alignment score : 4
[2026-05-10 17:11:43.559] [jointLog] [info] Number of fragments entirely discarded because of alignment score : 0
[2026-05-10 17:11:43.559] [jointLog] [info] Number of fragments discarded because they are best-mapped to decoys : 0
[2026-05-10 17:11:43.559] [jointLog] [info] Number of fragments discarded because they have only dovetail (discordant) mappings to valid targets : 214
[2026-05-10 17:11:43.559] [jointLog] [warning] Only 1328 fragments were mapped, but the number of burn-in fragments was set to 5000000.
The effective lengths have been computed using the observed mappings.

[2026-05-10 17:11:43.560] [jointLog] [info] Mapping rate = 100.0000%
[2026-05-10 17:11:43.560] [jointLog] [info] finished quantifyLibrary()
[2026-05-10 17:11:43.562] [jointLog] [info] Starting optimizer
[2026-05-10 17:11:43.576] [jointLog] [info] Marked 0 weighted equivalence classes as degenerate
[2026-05-10 17:11:43.581] [jointLog] [info] iteration = 0 | max rel diff. = 22.12372264273278
[2026-05-10 17:11:43.606] [jointLog] [info] iteration = 100 | max rel diff. = 0.010355111058497986
[2026-05-10 17:11:43.620] [jointLog] [info] iteration = 168 | max rel diff. = 0.005944054016570906
[2026-05-10 17:11:43.621] [jointLog] [info] Finished optimizer
[2026-05-10 17:11:43.621] [jointLog] [info] writing output 

[2026-05-10 17:11:43.624] [jointLog] [warning] NOTE: Read Lib [[ SelmaBouvier_R1.fastq.gz, SelmaBouvier_R2.fastq.gz]] :

Detected a *potential* strand bias > 1% in an unstranded protocol check the file: Quantified/SelmaBouvier/lib_format_counts.json for details

