[2026-05-17 11:43:29.395] [jointLog] [info] Fragment incompatibility prior below threshold.  Incompatible fragments will be ignored.
[2026-05-17 11:43:29.395] [jointLog] [info] Usage of --validateMappings implies use of minScoreFraction. Since not explicitly specified, it is being set to 0.65
[2026-05-17 11:43:29.395] [jointLog] [info] Usage of --validateMappings, without --hardFilter implies use of range factorization. rangeFactorizationBins is being set to 4
[2026-05-17 11:43:29.395] [jointLog] [info] Usage of --validateMappings implies a default consensus slack of 0.2. Setting consensusSlack to 0.2.
[2026-05-17 11:43:29.395] [jointLog] [info] parsing read library format
[2026-05-17 11:43:29.395] [jointLog] [info] There is 1 library.
[2026-05-17 11:43:29.510] [jointLog] [info] Loading Quasi index
[2026-05-17 11:43:29.511] [jointLog] [info] Loading 32-bit quasi index
[2026-05-17 11:43:29.637] [jointLog] [info] done
[2026-05-17 11:43:29.637] [jointLog] [info] Index contained 679 targets
[2026-05-17 11:43:29.789] [jointLog] [info] Computed 56 rich equivalence classes for further processing
[2026-05-17 11:43:29.789] [jointLog] [info] Counted 223 total reads in the equivalence classes 
[2026-05-17 11:43:29.791] [jointLog] [info] Number of mappings discarded because of alignment score : 1
[2026-05-17 11:43:29.791] [jointLog] [info] Number of fragments entirely discarded because of alignment score : 0
[2026-05-17 11:43:29.791] [jointLog] [info] Number of fragments discarded because they are best-mapped to decoys : 0
[2026-05-17 11:43:29.791] [jointLog] [info] Number of fragments discarded because they have only dovetail (discordant) mappings : 230
[2026-05-17 11:43:29.791] [jointLog] [warning] Only 223 fragments were mapped, but the number of burn-in fragments was set to 5000000.
The effective lengths have been computed using the observed mappings.

[2026-05-17 11:43:29.791] [jointLog] [info] Mapping rate = 16.8939%

[2026-05-17 11:43:29.791] [jointLog] [info] finished quantifyLibrary()
[2026-05-17 11:43:29.792] [jointLog] [info] Starting optimizer
[2026-05-17 11:43:29.793] [jointLog] [info] Marked 0 weighted equivalence classes as degenerate
[2026-05-17 11:43:29.793] [jointLog] [info] iteration = 0 | max rel diff. = 12.7207
[2026-05-17 11:43:29.801] [jointLog] [info] iteration = 100 | max rel diff. = 1.52171e-06
[2026-05-17 11:43:29.801] [jointLog] [info] Finished optimizer
[2026-05-17 11:43:29.801] [jointLog] [info] writing output 

[2026-05-17 11:43:29.803] [jointLog] [warning] NOTE: Read Lib [[ Actividad_2_SOPG/AbrahamSimpson-FTO_R1.fastq, Actividad_2_SOPG/AbrahamSimpson-GIPR_R2.fastq]] :

Detected a *potential* strand bias > 1% in an unstranded protocol check the file: AbrahamSimpson_quant/lib_format_counts.json for details

[2026-05-17 11:43:29.790] [fileLog] [info] 
At end of round 0
==================
Observed 1320 total fragments (1320 in most recent round)

