[2026-05-10 17:11:33.579] [jointLog] [info] setting maxHashResizeThreads to 6
[2026-05-10 17:11:33.580] [jointLog] [info] Fragment incompatibility prior below threshold.  Incompatible fragments will be ignored.
[2026-05-10 17:11:33.581] [jointLog] [info] Usage of --validateMappings implies use of minScoreFraction. Since not explicitly specified, it is being set to 0.65
[2026-05-10 17:11:33.582] [jointLog] [info] Setting consensusSlack to selective-alignment default of 0.35.
[2026-05-10 17:11:33.582] [jointLog] [info] parsing read library format
[2026-05-10 17:11:33.583] [jointLog] [info] There is 1 library.
[2026-05-10 17:11:33.585] [jointLog] [info] Loading pufferfish index
[2026-05-10 17:11:33.586] [jointLog] [info] Loading pufferfish index.
[2026-05-10 17:11:33.595] [jointLog] [info] done
[2026-05-10 17:11:33.711] [jointLog] [info] Index contained 679 targets
[2026-05-10 17:11:33.711] [jointLog] [info] Number of decoys : 0
[2026-05-10 17:11:34.296] [jointLog] [info] Computed 442 rich equivalence classes for further processing
[2026-05-10 17:11:34.296] [jointLog] [info] Counted 1,320 total reads in the equivalence classes 
[2026-05-10 17:11:34.296] [fileLog] [info] 
At end of round 0
==================
Observed 1320 total fragments (1320 in most recent round)

[2026-05-10 17:11:34.299] [jointLog] [info] Number of mappings discarded because of alignment score : 61
[2026-05-10 17:11:34.299] [jointLog] [info] Number of fragments entirely discarded because of alignment score : 0
[2026-05-10 17:11:34.299] [jointLog] [info] Number of fragments discarded because they are best-mapped to decoys : 0
[2026-05-10 17:11:34.299] [jointLog] [info] Number of fragments discarded because they have only dovetail (discordant) mappings to valid targets : 230
[2026-05-10 17:11:34.300] [jointLog] [warning] Only 1320 fragments were mapped, but the number of burn-in fragments was set to 5000000.
The effective lengths have been computed using the observed mappings.

[2026-05-10 17:11:34.301] [jointLog] [info] Mapping rate = 100.0000%
[2026-05-10 17:11:34.301] [jointLog] [info] finished quantifyLibrary()
[2026-05-10 17:11:34.302] [jointLog] [info] Starting optimizer
[2026-05-10 17:11:34.318] [jointLog] [info] Marked 0 weighted equivalence classes as degenerate
[2026-05-10 17:11:34.320] [jointLog] [info] iteration = 0 | max rel diff. = 46.8130232719826
[2026-05-10 17:11:34.346] [jointLog] [info] iteration = 100 | max rel diff. = 0.009006918384575496
[2026-05-10 17:11:34.346] [jointLog] [info] Finished optimizer
[2026-05-10 17:11:34.346] [jointLog] [info] writing output 

[2026-05-10 17:11:34.349] [jointLog] [warning] NOTE: Read Lib [[ AbrahamSimpson_R1.fastq.gz, AbrahamSimpson_R2.fastq.gz]] :

Detected a *potential* strand bias > 1% in an unstranded protocol check the file: Quantified/AbrahamSimpson/lib_format_counts.json for details

