[2026-05-17 21:15:43.628] [jointLog] [info] setting maxHashResizeThreads to 4
[2026-05-17 21:15:43.628] [jointLog] [info] Fragment incompatibility prior below threshold.  Incompatible fragments will be ignored.
[2026-05-17 21:15:43.628] [jointLog] [info] Usage of --validateMappings implies use of minScoreFraction. Since not explicitly specified, it is being set to 0.65
[2026-05-17 21:15:43.628] [jointLog] [info] Setting consensusSlack to selective-alignment default of 0.35.
[2026-05-17 21:15:43.628] [jointLog] [info] parsing read library format
[2026-05-17 21:15:43.628] [jointLog] [info] There is 1 library.
[2026-05-17 21:15:43.636] [jointLog] [info] Loading pufferfish index
[2026-05-17 21:15:43.638] [jointLog] [info] Loading dense pufferfish index.
[2026-05-17 21:15:43.684] [jointLog] [info] done
[2026-05-17 21:15:43.777] [jointLog] [info] Index contained 679 targets
[2026-05-17 21:15:43.777] [jointLog] [info] Number of decoys : 0
[2026-05-17 21:15:43.852] [jointLog] [info] Computed 483 rich equivalence classes for further processing
[2026-05-17 21:15:43.852] [jointLog] [info] Counted 1328 total reads in the equivalence classes 
[2026-05-17 21:15:43.854] [jointLog] [info] Number of mappings discarded because of alignment score : 58
[2026-05-17 21:15:43.854] [jointLog] [info] Number of fragments entirely discarded because of alignment score : 0
[2026-05-17 21:15:43.854] [jointLog] [info] Number of fragments discarded because they are best-mapped to decoys : 0
[2026-05-17 21:15:43.854] [jointLog] [info] Number of fragments discarded because they have only dovetail (discordant) mappings to valid targets : 45
[2026-05-17 21:15:43.854] [jointLog] [warning] Only 1328 fragments were mapped, but the number of burn-in fragments was set to 5000000.
The effective lengths have been computed using the observed mappings.

[2026-05-17 21:15:43.854] [jointLog] [info] Mapping rate = 100%

[2026-05-17 21:15:43.854] [jointLog] [info] finished quantifyLibrary()
[2026-05-17 21:15:43.856] [jointLog] [info] Starting optimizer
[2026-05-17 21:15:43.857] [jointLog] [info] Marked 0 weighted equivalence classes as degenerate
[2026-05-17 21:15:43.858] [jointLog] [info] iteration = 0 | max rel diff. = 74.7883
[2026-05-17 21:15:43.872] [jointLog] [info] iteration = 100 | max rel diff. = 0.473813
[2026-05-17 21:15:43.873] [jointLog] [info] iteration = 104 | max rel diff. = 0.00644203
[2026-05-17 21:15:43.873] [jointLog] [info] Finished optimizer
[2026-05-17 21:15:43.873] [jointLog] [info] writing output 

[2026-05-17 21:15:43.894] [jointLog] [warning] NOTE: Read Lib [[ MargeSimpson_R1_filtered.fastq.gz, MargeSimpson_R2_filtered.fastq.gz]] :

Detected a *potential* strand bias > 1% in an unstranded protocol check the file: resultados_salmon/Marge/lib_format_counts.json for details

[2026-05-17 21:15:43.852] [fileLog] [info] 
At end of round 0
==================
Observed 1328 total fragments (1328 in most recent round)

