[2026-05-20 10:38:04.556] [jointLog] [info] setting maxHashResizeThreads to 8
[2026-05-20 10:38:04.556] [jointLog] [info] Fragment incompatibility prior below threshold.  Incompatible fragments will be ignored.
[2026-05-20 10:38:04.556] [jointLog] [info] Usage of --validateMappings implies use of minScoreFraction. Since not explicitly specified, it is being set to 0.65
[2026-05-20 10:38:04.556] [jointLog] [info] Setting consensusSlack to selective-alignment default of 0.35.
[2026-05-20 10:38:04.556] [jointLog] [info] parsing read library format
[2026-05-20 10:38:04.556] [jointLog] [info] There is 1 library.
[2026-05-20 10:38:04.556] [jointLog] [info] Loading pufferfish index
[2026-05-20 10:38:04.556] [jointLog] [info] Loading pufferfish index.
[2026-05-20 10:38:04.558] [jointLog] [info] done
[2026-05-20 10:38:04.624] [jointLog] [info] Index contained 679 targets
[2026-05-20 10:38:04.624] [jointLog] [info] Number of decoys : 0
[2026-05-20 10:38:05.209] [jointLog] [info] Computed 469 rich equivalence classes for further processing
[2026-05-20 10:38:05.209] [jointLog] [info] Counted 1,320 total reads in the equivalence classes 
[2026-05-20 10:38:05.209] [fileLog] [info] 
At end of round 0
==================
Observed 1320 total fragments (1320 in most recent round)

[2026-05-20 10:38:05.214] [jointLog] [info] Number of mappings discarded because of alignment score : 148
[2026-05-20 10:38:05.214] [jointLog] [info] Number of fragments entirely discarded because of alignment score : 0
[2026-05-20 10:38:05.214] [jointLog] [info] Number of fragments discarded because they are best-mapped to decoys : 0
[2026-05-20 10:38:05.214] [jointLog] [info] Number of fragments discarded because they have only dovetail (discordant) mappings to valid targets : 37
[2026-05-20 10:38:05.214] [jointLog] [warning] Only 1320 fragments were mapped, but the number of burn-in fragments was set to 5000000.
The effective lengths have been computed using the observed mappings.

[2026-05-20 10:38:05.214] [jointLog] [info] Mapping rate = 100.0000%
[2026-05-20 10:38:05.214] [jointLog] [info] finished quantifyLibrary()
[2026-05-20 10:38:05.214] [jointLog] [info] Starting optimizer
[2026-05-20 10:38:05.215] [jointLog] [info] Marked 0 weighted equivalence classes as degenerate
[2026-05-20 10:38:05.215] [jointLog] [info] iteration = 0 | max rel diff. = 95.9647168884477
[2026-05-20 10:38:05.229] [jointLog] [info] iteration = 100 | max rel diff. = 0.0790537638802136
[2026-05-20 10:38:05.244] [jointLog] [info] iteration = 170 | max rel diff. = 0.00416021639141352
[2026-05-20 10:38:05.244] [jointLog] [info] Finished optimizer
[2026-05-20 10:38:05.244] [jointLog] [info] writing output 

[2026-05-20 10:38:05.245] [jointLog] [warning] NOTE: Read Lib [[ PattyBouvier_R1_filtered.fastq.gz, PattyBouvier_R2_filtered.fastq.gz]] :

Detected a *potential* strand bias > 1% in an unstranded protocol check the file: /home/chuan/Actividad2/TallerGrupal_Ficheros/Quantified/PattyBouvier/lib_format_counts.json for details

