[2026-05-19 19:35:12.057] [jointLog] [info] setting maxHashResizeThreads to 2
[2026-05-19 19:35:12.057] [jointLog] [info] Fragment incompatibility prior below threshold.  Incompatible fragments will be ignored.
[2026-05-19 19:35:12.057] [jointLog] [info] Usage of --validateMappings implies use of minScoreFraction. Since not explicitly specified, it is being set to 0.65
[2026-05-19 19:35:12.057] [jointLog] [info] Setting consensusSlack to selective-alignment default of 0.35.
[2026-05-19 19:35:12.057] [jointLog] [info] parsing read library format
[2026-05-19 19:35:12.057] [jointLog] [info] There is 1 library.
[2026-05-19 19:35:12.057] [jointLog] [info] Loading pufferfish index
[2026-05-19 19:35:12.057] [jointLog] [info] Loading pufferfish index.
[2026-05-19 19:35:12.060] [jointLog] [info] done
[2026-05-19 19:35:12.135] [jointLog] [info] Index contained 679 targets
[2026-05-19 19:35:12.136] [jointLog] [info] Number of decoys : 0
[2026-05-19 19:35:12.675] [jointLog] [info] Computed 442 rich equivalence classes for further processing
[2026-05-19 19:35:12.675] [jointLog] [info] Counted 1,320 total reads in the equivalence classes 
[2026-05-19 19:35:12.675] [fileLog] [info] 
At end of round 0
==================
Observed 1320 total fragments (1320 in most recent round)

[2026-05-19 19:35:12.676] [jointLog] [info] Number of mappings discarded because of alignment score : 61
[2026-05-19 19:35:12.676] [jointLog] [info] Number of fragments entirely discarded because of alignment score : 0
[2026-05-19 19:35:12.676] [jointLog] [info] Number of fragments discarded because they are best-mapped to decoys : 0
[2026-05-19 19:35:12.676] [jointLog] [info] Number of fragments discarded because they have only dovetail (discordant) mappings to valid targets : 230
[2026-05-19 19:35:12.677] [jointLog] [warning] Only 1320 fragments were mapped, but the number of burn-in fragments was set to 5000000.
The effective lengths have been computed using the observed mappings.

[2026-05-19 19:35:12.677] [jointLog] [info] Mapping rate = 100.0000%
[2026-05-19 19:35:12.677] [jointLog] [info] finished quantifyLibrary()
[2026-05-19 19:35:12.677] [jointLog] [info] Starting optimizer
[2026-05-19 19:35:12.678] [jointLog] [info] Marked 0 weighted equivalence classes as degenerate
[2026-05-19 19:35:12.678] [jointLog] [info] iteration = 0 | max rel diff. = 46.82016502110772
[2026-05-19 19:35:12.692] [jointLog] [info] iteration = 100 | max rel diff. = 0.009520601825337512
[2026-05-19 19:35:12.692] [jointLog] [info] Finished optimizer
[2026-05-19 19:35:12.692] [jointLog] [info] writing output 

[2026-05-19 19:35:12.693] [jointLog] [warning] NOTE: Read Lib [[ /home/chuan/Actividad2/TallerGrupal_Ficheros/Fastqs/AbrahamSimpson_R1.fastq.gz, /home/chuan/Actividad2/TallerGrupal_Ficheros/Fastqs/AbrahamSimpson_R2.fastq.gz]] :

Detected a *potential* strand bias > 1% in an unstranded protocol check the file: Quantified/AbrahamSimpson/lib_format_counts.json for details

