[2026-05-20 19:13:40.315] [jointLog] [info] setting maxHashResizeThreads to 6
[2026-05-20 19:13:40.315] [jointLog] [info] Fragment incompatibility prior below threshold.  Incompatible fragments will be ignored.
[2026-05-20 19:13:40.316] [jointLog] [info] Usage of --validateMappings implies use of minScoreFraction. Since not explicitly specified, it is being set to 0.65
[2026-05-20 19:13:40.316] [jointLog] [info] Setting consensusSlack to selective-alignment default of 0.35.
[2026-05-20 19:13:40.316] [jointLog] [info] parsing read library format
[2026-05-20 19:13:40.317] [jointLog] [info] There is 1 library.
[2026-05-20 19:13:40.320] [jointLog] [info] Loading pufferfish index
[2026-05-20 19:13:40.321] [jointLog] [info] Loading dense pufferfish index.
[2026-05-20 19:13:40.330] [jointLog] [info] done
[2026-05-20 19:13:40.368] [jointLog] [info] Index contained 679 targets
[2026-05-20 19:13:40.368] [jointLog] [info] Number of decoys : 0
[2026-05-20 19:13:40.463] [jointLog] [info] Computed 498 rich equivalence classes for further processing
[2026-05-20 19:13:40.463] [jointLog] [info] Counted 1320 total reads in the equivalence classes 
[2026-05-20 19:13:40.465] [jointLog] [info] Number of mappings discarded because of alignment score : 157
[2026-05-20 19:13:40.465] [jointLog] [info] Number of fragments entirely discarded because of alignment score : 0
[2026-05-20 19:13:40.465] [jointLog] [info] Number of fragments discarded because they are best-mapped to decoys : 0
[2026-05-20 19:13:40.465] [jointLog] [info] Number of fragments discarded because they have only dovetail (discordant) mappings to valid targets : 37
[2026-05-20 19:13:40.466] [jointLog] [warning] Only 1320 fragments were mapped, but the number of burn-in fragments was set to 5000000.
The effective lengths have been computed using the observed mappings.

[2026-05-20 19:13:40.466] [jointLog] [info] Mapping rate = 100%

[2026-05-20 19:13:40.466] [jointLog] [info] finished quantifyLibrary()
[2026-05-20 19:13:40.467] [jointLog] [info] Starting optimizer
[2026-05-20 19:13:40.464] [fileLog] [info] 
At end of round 0
==================
Observed 1320 total fragments (1320 in most recent round)

[2026-05-20 19:13:40.478] [jointLog] [info] Marked 0 weighted equivalence classes as degenerate
[2026-05-20 19:13:40.482] [jointLog] [info] iteration = 0 | max rel diff. = 69.8004
[2026-05-20 19:13:40.526] [jointLog] [info] iteration = 100 | max rel diff. = 0.0764298
[2026-05-20 19:13:40.539] [jointLog] [info] iteration = 148 | max rel diff. = 0.00501135
[2026-05-20 19:13:40.539] [jointLog] [info] Finished optimizer
[2026-05-20 19:13:40.539] [jointLog] [info] writing output 

[2026-05-20 19:13:40.542] [jointLog] [warning] NOTE: Read Lib [[ Trimmed/PattyBouvier_R1_filtered.fastq.gz, Trimmed/PattyBouvier_R2_filtered.fastq.gz]] :

Detected a *potential* strand bias > 1% in an unstranded protocol check the file: Quantified/PattyBouvier/lib_format_counts.json for details

