[2026-05-19 19:35:14.268] [jointLog] [info] setting maxHashResizeThreads to 2
[2026-05-19 19:35:14.268] [jointLog] [info] Fragment incompatibility prior below threshold.  Incompatible fragments will be ignored.
[2026-05-19 19:35:14.268] [jointLog] [info] Usage of --validateMappings implies use of minScoreFraction. Since not explicitly specified, it is being set to 0.65
[2026-05-19 19:35:14.268] [jointLog] [info] Setting consensusSlack to selective-alignment default of 0.35.
[2026-05-19 19:35:14.268] [jointLog] [info] parsing read library format
[2026-05-19 19:35:14.268] [jointLog] [info] There is 1 library.
[2026-05-19 19:35:14.268] [jointLog] [info] Loading pufferfish index
[2026-05-19 19:35:14.268] [jointLog] [info] Loading pufferfish index.
[2026-05-19 19:35:14.270] [jointLog] [info] done
[2026-05-19 19:35:14.335] [jointLog] [info] Index contained 679 targets
[2026-05-19 19:35:14.335] [jointLog] [info] Number of decoys : 0
[2026-05-19 19:35:14.883] [jointLog] [info] Computed 473 rich equivalence classes for further processing
[2026-05-19 19:35:14.883] [jointLog] [info] Counted 1,320 total reads in the equivalence classes 
[2026-05-19 19:35:14.884] [fileLog] [info] 
At end of round 0
==================
Observed 1320 total fragments (1320 in most recent round)

[2026-05-19 19:35:14.885] [jointLog] [info] Number of mappings discarded because of alignment score : 75
[2026-05-19 19:35:14.885] [jointLog] [info] Number of fragments entirely discarded because of alignment score : 0
[2026-05-19 19:35:14.885] [jointLog] [info] Number of fragments discarded because they are best-mapped to decoys : 0
[2026-05-19 19:35:14.885] [jointLog] [info] Number of fragments discarded because they have only dovetail (discordant) mappings to valid targets : 220
[2026-05-19 19:35:14.885] [jointLog] [warning] Only 1320 fragments were mapped, but the number of burn-in fragments was set to 5000000.
The effective lengths have been computed using the observed mappings.

[2026-05-19 19:35:14.885] [jointLog] [info] Mapping rate = 100.0000%
[2026-05-19 19:35:14.885] [jointLog] [info] finished quantifyLibrary()
[2026-05-19 19:35:14.885] [jointLog] [info] Starting optimizer
[2026-05-19 19:35:14.886] [jointLog] [info] Marked 0 weighted equivalence classes as degenerate
[2026-05-19 19:35:14.886] [jointLog] [info] iteration = 0 | max rel diff. = 98.72717696911597
[2026-05-19 19:35:14.898] [jointLog] [info] iteration = 100 | max rel diff. = 0.1802579298384618
[2026-05-19 19:35:14.912] [jointLog] [info] iteration = 162 | max rel diff. = 0.004416715363015631
[2026-05-19 19:35:14.912] [jointLog] [info] Finished optimizer
[2026-05-19 19:35:14.912] [jointLog] [info] writing output 

[2026-05-19 19:35:14.912] [jointLog] [warning] NOTE: Read Lib [[ /home/chuan/Actividad2/TallerGrupal_Ficheros/Fastqs/PattyBouvier_R1.fastq.gz, /home/chuan/Actividad2/TallerGrupal_Ficheros/Fastqs/PattyBouvier_R2.fastq.gz]] :

Detected a *potential* strand bias > 1% in an unstranded protocol check the file: Quantified/PattyBouvier/lib_format_counts.json for details

