[2026-05-20 19:13:34.857] [jointLog] [info] setting maxHashResizeThreads to 6
[2026-05-20 19:13:34.858] [jointLog] [info] Fragment incompatibility prior below threshold.  Incompatible fragments will be ignored.
[2026-05-20 19:13:34.858] [jointLog] [info] Usage of --validateMappings implies use of minScoreFraction. Since not explicitly specified, it is being set to 0.65
[2026-05-20 19:13:34.859] [jointLog] [info] Setting consensusSlack to selective-alignment default of 0.35.
[2026-05-20 19:13:34.859] [jointLog] [info] parsing read library format
[2026-05-20 19:13:34.860] [jointLog] [info] There is 1 library.
[2026-05-20 19:13:34.863] [jointLog] [info] Loading pufferfish index
[2026-05-20 19:13:34.864] [jointLog] [info] Loading dense pufferfish index.
[2026-05-20 19:13:34.872] [jointLog] [info] done
[2026-05-20 19:13:34.912] [jointLog] [info] Index contained 679 targets
[2026-05-20 19:13:34.912] [jointLog] [info] Number of decoys : 0
[2026-05-20 19:13:35.009] [fileLog] [info] 
At end of round 0
==================
Observed 1320 total fragments (1320 in most recent round)

[2026-05-20 19:13:35.009] [jointLog] [info] Computed 478 rich equivalence classes for further processing
[2026-05-20 19:13:35.009] [jointLog] [info] Counted 1320 total reads in the equivalence classes 
[2026-05-20 19:13:35.011] [jointLog] [info] Number of mappings discarded because of alignment score : 86
[2026-05-20 19:13:35.011] [jointLog] [info] Number of fragments entirely discarded because of alignment score : 0
[2026-05-20 19:13:35.011] [jointLog] [info] Number of fragments discarded because they are best-mapped to decoys : 0
[2026-05-20 19:13:35.011] [jointLog] [info] Number of fragments discarded because they have only dovetail (discordant) mappings to valid targets : 38
[2026-05-20 19:13:35.011] [jointLog] [warning] Only 1320 fragments were mapped, but the number of burn-in fragments was set to 5000000.
The effective lengths have been computed using the observed mappings.

[2026-05-20 19:13:35.011] [jointLog] [info] Mapping rate = 100%

[2026-05-20 19:13:35.011] [jointLog] [info] finished quantifyLibrary()
[2026-05-20 19:13:35.012] [jointLog] [info] Starting optimizer
[2026-05-20 19:13:35.022] [jointLog] [info] Marked 0 weighted equivalence classes as degenerate
[2026-05-20 19:13:35.025] [jointLog] [info] iteration = 0 | max rel diff. = 147.075
[2026-05-20 19:13:35.056] [jointLog] [info] iteration = 100 | max rel diff. = 7.87918
[2026-05-20 19:13:35.079] [jointLog] [info] iteration = 190 | max rel diff. = 0.0016079
[2026-05-20 19:13:35.079] [jointLog] [info] Finished optimizer
[2026-05-20 19:13:35.079] [jointLog] [info] writing output 

[2026-05-20 19:13:35.084] [jointLog] [warning] NOTE: Read Lib [[ Trimmed/HomerSimpson_R1_filtered.fastq.gz, Trimmed/HomerSimpson_R2_filtered.fastq.gz]] :

Detected a *potential* strand bias > 1% in an unstranded protocol check the file: Quantified/HomerSimpson/lib_format_counts.json for details

