[2026-05-20 10:38:03.778] [jointLog] [info] setting maxHashResizeThreads to 8
[2026-05-20 10:38:03.778] [jointLog] [info] Fragment incompatibility prior below threshold.  Incompatible fragments will be ignored.
[2026-05-20 10:38:03.778] [jointLog] [info] Usage of --validateMappings implies use of minScoreFraction. Since not explicitly specified, it is being set to 0.65
[2026-05-20 10:38:03.778] [jointLog] [info] Setting consensusSlack to selective-alignment default of 0.35.
[2026-05-20 10:38:03.778] [jointLog] [info] parsing read library format
[2026-05-20 10:38:03.778] [jointLog] [info] There is 1 library.
[2026-05-20 10:38:03.778] [jointLog] [info] Loading pufferfish index
[2026-05-20 10:38:03.778] [jointLog] [info] Loading pufferfish index.
[2026-05-20 10:38:03.780] [jointLog] [info] done
[2026-05-20 10:38:03.844] [jointLog] [info] Index contained 679 targets
[2026-05-20 10:38:03.844] [jointLog] [info] Number of decoys : 0
[2026-05-20 10:38:04.430] [jointLog] [info] Computed 452 rich equivalence classes for further processing
[2026-05-20 10:38:04.430] [jointLog] [info] Counted 1,328 total reads in the equivalence classes 
[2026-05-20 10:38:04.430] [fileLog] [info] 
At end of round 0
==================
Observed 1328 total fragments (1328 in most recent round)

[2026-05-20 10:38:04.435] [jointLog] [info] Number of mappings discarded because of alignment score : 57
[2026-05-20 10:38:04.435] [jointLog] [info] Number of fragments entirely discarded because of alignment score : 0
[2026-05-20 10:38:04.435] [jointLog] [info] Number of fragments discarded because they are best-mapped to decoys : 0
[2026-05-20 10:38:04.435] [jointLog] [info] Number of fragments discarded because they have only dovetail (discordant) mappings to valid targets : 45
[2026-05-20 10:38:04.435] [jointLog] [warning] Only 1328 fragments were mapped, but the number of burn-in fragments was set to 5000000.
The effective lengths have been computed using the observed mappings.

[2026-05-20 10:38:04.435] [jointLog] [info] Mapping rate = 100.0000%
[2026-05-20 10:38:04.435] [jointLog] [info] finished quantifyLibrary()
[2026-05-20 10:38:04.435] [jointLog] [info] Starting optimizer
[2026-05-20 10:38:04.436] [jointLog] [info] Marked 0 weighted equivalence classes as degenerate
[2026-05-20 10:38:04.436] [jointLog] [info] iteration = 0 | max rel diff. = 62.16212242984091
[2026-05-20 10:38:04.451] [jointLog] [info] iteration = 100 | max rel diff. = 0.009760811633321343
[2026-05-20 10:38:04.451] [jointLog] [info] Finished optimizer
[2026-05-20 10:38:04.451] [jointLog] [info] writing output 

[2026-05-20 10:38:04.452] [jointLog] [warning] NOTE: Read Lib [[ MargeSimpson_R1_filtered.fastq.gz, MargeSimpson_R2_filtered.fastq.gz]] :

Detected a *potential* strand bias > 1% in an unstranded protocol check the file: /home/chuan/Actividad2/TallerGrupal_Ficheros/Quantified/MargeSimpson/lib_format_counts.json for details

