[2026-05-20 00:06:05.821] [jointLog] [info] setting maxHashResizeThreads to 8
[2026-05-20 00:06:05.821] [jointLog] [info] Fragment incompatibility prior below threshold.  Incompatible fragments will be ignored.
[2026-05-20 00:06:05.821] [jointLog] [info] Usage of --validateMappings implies use of minScoreFraction. Since not explicitly specified, it is being set to 0.65
[2026-05-20 00:06:05.821] [jointLog] [info] Setting consensusSlack to selective-alignment default of 0.35.
[2026-05-20 00:06:05.821] [jointLog] [info] parsing read library format
[2026-05-20 00:06:05.821] [jointLog] [info] There is 1 library.
[2026-05-20 00:06:05.821] [jointLog] [info] Loading pufferfish index
[2026-05-20 00:06:05.821] [jointLog] [info] Loading dense pufferfish index.
[2026-05-20 00:06:05.826] [jointLog] [info] done
[2026-05-20 00:06:05.889] [jointLog] [info] Index contained 679 targets
[2026-05-20 00:06:05.889] [jointLog] [info] Number of decoys : 0
[2026-05-20 00:06:06.002] [fileLog] [info] 
At end of round 0
==================
Observed 1328 total fragments (1328 in most recent round)

[2026-05-20 00:06:06.002] [jointLog] [info] Computed 484 rich equivalence classes for further processing
[2026-05-20 00:06:06.002] [jointLog] [info] Counted 1,328 total reads in the equivalence classes 
[2026-05-20 00:06:06.005] [jointLog] [info] Number of mappings discarded because of alignment score : 54
[2026-05-20 00:06:06.005] [jointLog] [info] Number of fragments entirely discarded because of alignment score : 0
[2026-05-20 00:06:06.005] [jointLog] [info] Number of fragments discarded because they are best-mapped to decoys : 0
[2026-05-20 00:06:06.005] [jointLog] [info] Number of fragments discarded because they have only dovetail (discordant) mappings to valid targets : 47
[2026-05-20 00:06:06.005] [jointLog] [warning] Only 1328 fragments were mapped, but the number of burn-in fragments was set to 5000000.
The effective lengths have been computed using the observed mappings.

[2026-05-20 00:06:06.005] [jointLog] [info] Mapping rate = 100%

[2026-05-20 00:06:06.005] [jointLog] [info] finished quantifyLibrary()
[2026-05-20 00:06:06.006] [jointLog] [info] Starting optimizer
[2026-05-20 00:06:06.007] [jointLog] [info] Marked 0 weighted equivalence classes as degenerate
[2026-05-20 00:06:06.007] [jointLog] [info] iteration = 0 | max rel diff. = 20.5861
[2026-05-20 00:06:06.047] [jointLog] [info] iteration = 100 | max rel diff. = 0.0726871
[2026-05-20 00:06:06.056] [jointLog] [info] iteration = 124 | max rel diff. = 0.00546731
[2026-05-20 00:06:06.056] [jointLog] [info] Finished optimizer
[2026-05-20 00:06:06.056] [jointLog] [info] writing output 

[2026-05-20 00:06:06.058] [jointLog] [warning] NOTE: Read Lib [[ Trimmed/SelmaBouvier_R1_filtered.fastq.gz, Trimmed/SelmaBouvier_R2_filtered.fastq.gz]] :

Detected a *potential* strand bias > 1% in an unstranded protocol check the file: Mapped/SelmaBouvier/lib_format_counts.json for details

