[2026-05-19 19:35:12.790] [jointLog] [info] setting maxHashResizeThreads to 2
[2026-05-19 19:35:12.790] [jointLog] [info] Fragment incompatibility prior below threshold.  Incompatible fragments will be ignored.
[2026-05-19 19:35:12.790] [jointLog] [info] Usage of --validateMappings implies use of minScoreFraction. Since not explicitly specified, it is being set to 0.65
[2026-05-19 19:35:12.790] [jointLog] [info] Setting consensusSlack to selective-alignment default of 0.35.
[2026-05-19 19:35:12.790] [jointLog] [info] parsing read library format
[2026-05-19 19:35:12.790] [jointLog] [info] There is 1 library.
[2026-05-19 19:35:12.790] [jointLog] [info] Loading pufferfish index
[2026-05-19 19:35:12.790] [jointLog] [info] Loading pufferfish index.
[2026-05-19 19:35:12.793] [jointLog] [info] done
[2026-05-19 19:35:12.867] [jointLog] [info] Index contained 679 targets
[2026-05-19 19:35:12.868] [jointLog] [info] Number of decoys : 0
[2026-05-19 19:35:13.414] [jointLog] [info] Computed 437 rich equivalence classes for further processing
[2026-05-19 19:35:13.414] [jointLog] [info] Counted 1,320 total reads in the equivalence classes 
[2026-05-19 19:35:13.415] [fileLog] [info] 
At end of round 0
==================
Observed 1320 total fragments (1320 in most recent round)

[2026-05-19 19:35:13.416] [jointLog] [info] Number of mappings discarded because of alignment score : 58
[2026-05-19 19:35:13.416] [jointLog] [info] Number of fragments entirely discarded because of alignment score : 0
[2026-05-19 19:35:13.416] [jointLog] [info] Number of fragments discarded because they are best-mapped to decoys : 0
[2026-05-19 19:35:13.416] [jointLog] [info] Number of fragments discarded because they have only dovetail (discordant) mappings to valid targets : 223
[2026-05-19 19:35:13.416] [jointLog] [warning] Only 1320 fragments were mapped, but the number of burn-in fragments was set to 5000000.
The effective lengths have been computed using the observed mappings.

[2026-05-19 19:35:13.416] [jointLog] [info] Mapping rate = 100.0000%
[2026-05-19 19:35:13.416] [jointLog] [info] finished quantifyLibrary()
[2026-05-19 19:35:13.416] [jointLog] [info] Starting optimizer
[2026-05-19 19:35:13.417] [jointLog] [info] Marked 0 weighted equivalence classes as degenerate
[2026-05-19 19:35:13.418] [jointLog] [info] iteration = 0 | max rel diff. = 167.334049559707
[2026-05-19 19:35:13.430] [jointLog] [info] iteration = 100 | max rel diff. = 0.4391716509952954
[2026-05-19 19:35:13.434] [jointLog] [info] iteration = 130 | max rel diff. = 0.005210588040824514
[2026-05-19 19:35:13.434] [jointLog] [info] Finished optimizer
[2026-05-19 19:35:13.434] [jointLog] [info] writing output 

[2026-05-19 19:35:13.436] [jointLog] [warning] NOTE: Read Lib [[ /home/chuan/Actividad2/TallerGrupal_Ficheros/Fastqs/HomerSimpson_R1.fastq.gz, /home/chuan/Actividad2/TallerGrupal_Ficheros/Fastqs/HomerSimpson_R2.fastq.gz]] :

Detected a *potential* strand bias > 1% in an unstranded protocol check the file: Quantified/HomerSimpson/lib_format_counts.json for details

