[2026-05-20 19:13:38.148] [jointLog] [info] setting maxHashResizeThreads to 6
[2026-05-20 19:13:38.148] [jointLog] [info] Fragment incompatibility prior below threshold.  Incompatible fragments will be ignored.
[2026-05-20 19:13:38.149] [jointLog] [info] Usage of --validateMappings implies use of minScoreFraction. Since not explicitly specified, it is being set to 0.65
[2026-05-20 19:13:38.149] [jointLog] [info] Setting consensusSlack to selective-alignment default of 0.35.
[2026-05-20 19:13:38.149] [jointLog] [info] parsing read library format
[2026-05-20 19:13:38.151] [jointLog] [info] There is 1 library.
[2026-05-20 19:13:38.155] [jointLog] [info] Loading pufferfish index
[2026-05-20 19:13:38.155] [jointLog] [info] Loading dense pufferfish index.
[2026-05-20 19:13:38.167] [jointLog] [info] done
[2026-05-20 19:13:38.210] [jointLog] [info] Index contained 679 targets
[2026-05-20 19:13:38.210] [jointLog] [info] Number of decoys : 0
[2026-05-20 19:13:38.320] [fileLog] [info] 
At end of round 0
==================
Observed 1328 total fragments (1328 in most recent round)

[2026-05-20 19:13:38.320] [jointLog] [info] Computed 510 rich equivalence classes for further processing
[2026-05-20 19:13:38.320] [jointLog] [info] Counted 1328 total reads in the equivalence classes 
[2026-05-20 19:13:38.322] [jointLog] [info] Number of mappings discarded because of alignment score : 50
[2026-05-20 19:13:38.322] [jointLog] [info] Number of fragments entirely discarded because of alignment score : 0
[2026-05-20 19:13:38.322] [jointLog] [info] Number of fragments discarded because they are best-mapped to decoys : 0
[2026-05-20 19:13:38.322] [jointLog] [info] Number of fragments discarded because they have only dovetail (discordant) mappings to valid targets : 16
[2026-05-20 19:13:38.322] [jointLog] [warning] Only 1328 fragments were mapped, but the number of burn-in fragments was set to 5000000.
The effective lengths have been computed using the observed mappings.

[2026-05-20 19:13:38.322] [jointLog] [info] Mapping rate = 100%

[2026-05-20 19:13:38.322] [jointLog] [info] finished quantifyLibrary()
[2026-05-20 19:13:38.323] [jointLog] [info] Starting optimizer
[2026-05-20 19:13:38.333] [jointLog] [info] Marked 0 weighted equivalence classes as degenerate
[2026-05-20 19:13:38.335] [jointLog] [info] iteration = 0 | max rel diff. = 58.2569
[2026-05-20 19:13:38.364] [jointLog] [info] iteration = 100 | max rel diff. = 6.27891
[2026-05-20 19:13:38.367] [jointLog] [info] iteration = 106 | max rel diff. = 0.00502297
[2026-05-20 19:13:38.367] [jointLog] [info] Finished optimizer
[2026-05-20 19:13:38.367] [jointLog] [info] writing output 

[2026-05-20 19:13:38.370] [jointLog] [warning] NOTE: Read Lib [[ Trimmed/MaggieSimpson_R1_filtered.fastq.gz, Trimmed/MaggieSimpson_R2_filtered.fastq.gz]] :

Detected a *potential* strand bias > 1% in an unstranded protocol check the file: Quantified/MaggieSimpson/lib_format_counts.json for details

