[2026-05-20 19:13:36.076] [jointLog] [info] setting maxHashResizeThreads to 6
[2026-05-20 19:13:36.077] [jointLog] [info] Fragment incompatibility prior below threshold.  Incompatible fragments will be ignored.
[2026-05-20 19:13:36.077] [jointLog] [info] Usage of --validateMappings implies use of minScoreFraction. Since not explicitly specified, it is being set to 0.65
[2026-05-20 19:13:36.078] [jointLog] [info] Setting consensusSlack to selective-alignment default of 0.35.
[2026-05-20 19:13:36.078] [jointLog] [info] parsing read library format
[2026-05-20 19:13:36.080] [jointLog] [info] There is 1 library.
[2026-05-20 19:13:36.083] [jointLog] [info] Loading pufferfish index
[2026-05-20 19:13:36.084] [jointLog] [info] Loading dense pufferfish index.
[2026-05-20 19:13:36.093] [jointLog] [info] done
[2026-05-20 19:13:36.134] [jointLog] [info] Index contained 679 targets
[2026-05-20 19:13:36.134] [jointLog] [info] Number of decoys : 0
[2026-05-20 19:13:36.228] [fileLog] [info] 
At end of round 0
==================
Observed 1320 total fragments (1320 in most recent round)

[2026-05-20 19:13:36.228] [jointLog] [info] Computed 486 rich equivalence classes for further processing
[2026-05-20 19:13:36.228] [jointLog] [info] Counted 1320 total reads in the equivalence classes 
[2026-05-20 19:13:36.230] [jointLog] [info] Number of mappings discarded because of alignment score : 52
[2026-05-20 19:13:36.230] [jointLog] [info] Number of fragments entirely discarded because of alignment score : 0
[2026-05-20 19:13:36.230] [jointLog] [info] Number of fragments discarded because they are best-mapped to decoys : 0
[2026-05-20 19:13:36.230] [jointLog] [info] Number of fragments discarded because they have only dovetail (discordant) mappings to valid targets : 20
[2026-05-20 19:13:36.230] [jointLog] [warning] Only 1320 fragments were mapped, but the number of burn-in fragments was set to 5000000.
The effective lengths have been computed using the observed mappings.

[2026-05-20 19:13:36.230] [jointLog] [info] Mapping rate = 100%

[2026-05-20 19:13:36.230] [jointLog] [info] finished quantifyLibrary()
[2026-05-20 19:13:36.233] [jointLog] [info] Starting optimizer
[2026-05-20 19:13:36.243] [jointLog] [info] Marked 0 weighted equivalence classes as degenerate
[2026-05-20 19:13:36.246] [jointLog] [info] iteration = 0 | max rel diff. = 53.101
[2026-05-20 19:13:36.275] [jointLog] [info] iteration = 100 | max rel diff. = 0.0296967
[2026-05-20 19:13:36.283] [jointLog] [info] iteration = 127 | max rel diff. = 0.00583215
[2026-05-20 19:13:36.283] [jointLog] [info] Finished optimizer
[2026-05-20 19:13:36.283] [jointLog] [info] writing output 

[2026-05-20 19:13:36.287] [jointLog] [warning] NOTE: Read Lib [[ Trimmed/LisaSimpson_R1_filtered.fastq.gz, Trimmed/LisaSimpson_R2_filtered.fastq.gz]] :

Detected a *potential* strand bias > 1% in an unstranded protocol check the file: Quantified/LisaSimpson/lib_format_counts.json for details

