[2026-05-17 21:05:32.097] [jointLog] [info] setting maxHashResizeThreads to 4
[2026-05-17 21:05:32.097] [jointLog] [info] Fragment incompatibility prior below threshold.  Incompatible fragments will be ignored.
[2026-05-17 21:05:32.097] [jointLog] [info] Usage of --validateMappings implies use of minScoreFraction. Since not explicitly specified, it is being set to 0.65
[2026-05-17 21:05:32.097] [jointLog] [info] Setting consensusSlack to selective-alignment default of 0.35.
[2026-05-17 21:05:32.097] [jointLog] [info] parsing read library format
[2026-05-17 21:05:32.097] [jointLog] [info] There is 1 library.
[2026-05-17 21:05:32.109] [jointLog] [info] Loading pufferfish index
[2026-05-17 21:05:32.112] [jointLog] [info] Loading dense pufferfish index.
[2026-05-17 21:05:32.212] [jointLog] [info] done
[2026-05-17 21:05:32.315] [jointLog] [info] Index contained 679 targets
[2026-05-17 21:05:32.315] [jointLog] [info] Number of decoys : 0
[2026-05-17 21:05:32.416] [jointLog] [info] Computed 484 rich equivalence classes for further processing
[2026-05-17 21:05:32.416] [jointLog] [info] Counted 1320 total reads in the equivalence classes 
[2026-05-17 21:05:32.418] [jointLog] [info] Number of mappings discarded because of alignment score : 102
[2026-05-17 21:05:32.418] [jointLog] [info] Number of fragments entirely discarded because of alignment score : 0
[2026-05-17 21:05:32.418] [jointLog] [info] Number of fragments discarded because they are best-mapped to decoys : 0
[2026-05-17 21:05:32.418] [jointLog] [info] Number of fragments discarded because they have only dovetail (discordant) mappings to valid targets : 55
[2026-05-17 21:05:32.418] [jointLog] [warning] Only 1320 fragments were mapped, but the number of burn-in fragments was set to 5000000.
The effective lengths have been computed using the observed mappings.

[2026-05-17 21:05:32.418] [jointLog] [info] Mapping rate = 100%

[2026-05-17 21:05:32.418] [jointLog] [info] finished quantifyLibrary()
[2026-05-17 21:05:32.421] [jointLog] [info] Starting optimizer
[2026-05-17 21:05:32.425] [jointLog] [info] Marked 0 weighted equivalence classes as degenerate
[2026-05-17 21:05:32.425] [jointLog] [info] iteration = 0 | max rel diff. = 46.8947
[2026-05-17 21:05:32.440] [jointLog] [info] iteration = 100 | max rel diff. = 0.396917
[2026-05-17 21:05:32.441] [jointLog] [info] iteration = 105 | max rel diff. = 0.00623718
[2026-05-17 21:05:32.441] [jointLog] [info] Finished optimizer
[2026-05-17 21:05:32.441] [jointLog] [info] writing output 

[2026-05-17 21:05:32.458] [jointLog] [warning] NOTE: Read Lib [[ AbrahamSimpson_R1_filtered.fastq.gz, AbrahamSimpson_R2_filtered.fastq.gz]] :

Detected a *potential* strand bias > 1% in an unstranded protocol check the file: resultados_salmon/Abraham/lib_format_counts.json for details

[2026-05-17 21:05:32.417] [fileLog] [info] 
At end of round 0
==================
Observed 1320 total fragments (1320 in most recent round)

