[2026-05-17 20:24:47.440] [puff::index::jointLog] [info] Running fixFasta
[2026-05-17 20:24:47.671] [puff::index::jointLog] [warning] Removed 27 transcripts that were sequence duplicates of indexed transcripts.
[2026-05-17 20:24:47.671] [puff::index::jointLog] [warning] If you wish to retain duplicate transcripts, please use the `--keepDuplicates` flag
[2026-05-17 20:24:47.674] [puff::index::jointLog] [info] Replaced 0 non-ATCG nucleotides
[2026-05-17 20:24:47.675] [puff::index::jointLog] [info] Clipped poly-A tails from 4 transcripts
[2026-05-17 20:24:47.742] [puff::index::jointLog] [info] Filter size not provided; estimating from number of distinct k-mers
[2026-05-17 20:24:47.851] [puff::index::jointLog] [info] ntHll estimated 372573 distinct k-mers, setting filter size to 2^23
[2026-05-17 20:24:49.202] [puff::index::jointLog] [info] Starting the Pufferfish indexing by reading the GFA binary file.
[2026-05-17 20:24:49.202] [puff::index::jointLog] [info] Setting the index/BinaryGfa directory salmon_index
[2026-05-17 20:24:49.225] [puff::index::jointLog] [info] Done wrapping the rank vector with a rank9sel structure.
[2026-05-17 20:24:49.226] [puff::index::jointLog] [info] contig count for validation: 1793
[2026-05-17 20:24:49.233] [puff::index::jointLog] [info] Total # of Contigs : 1793
[2026-05-17 20:24:49.234] [puff::index::jointLog] [info] Total # of numerical Contigs : 1793
[2026-05-17 20:24:49.234] [puff::index::jointLog] [info] Total # of contig vec entries: 20508
[2026-05-17 20:24:49.234] [puff::index::jointLog] [info] bits per offset entry 15
[2026-05-17 20:24:49.234] [puff::index::jointLog] [info] Done constructing the contig vector. 1794
[2026-05-17 20:24:49.254] [puff::index::jointLog] [info] # segments = 1793
[2026-05-17 20:24:49.254] [puff::index::jointLog] [info] total length = 464715
[2026-05-17 20:24:49.254] [puff::index::jointLog] [info] Reading the reference files ...
[2026-05-17 20:24:49.346] [puff::index::jointLog] [info] positional integer width = 19
[2026-05-17 20:24:49.346] [puff::index::jointLog] [info] seqSize = 464715
[2026-05-17 20:24:49.347] [puff::index::jointLog] [info] rankSize = 464715
[2026-05-17 20:24:49.347] [puff::index::jointLog] [info] edgeVecSize = 0
[2026-05-17 20:24:49.347] [puff::index::jointLog] [info] num keys = 410925
[2026-05-17 20:24:49.571] [puff::index::jointLog] [info] mphf size = 0.25737 MB
[2026-05-17 20:24:49.571] [puff::index::jointLog] [info] chunk size = 232358
[2026-05-17 20:24:49.571] [puff::index::jointLog] [info] chunk 0 = [0, 232358)
[2026-05-17 20:24:49.571] [puff::index::jointLog] [info] chunk 1 = [232358, 464685)
[2026-05-17 20:24:49.585] [puff::index::jointLog] [info] finished populating pos vector
[2026-05-17 20:24:49.585] [puff::index::jointLog] [info] writing index components
[2026-05-17 20:24:49.602] [puff::index::jointLog] [info] finished writing dense pufferfish index
